[38;5;112m[Appium][0m Welcome to Appium v3.5.2
[38;5;112m[Appium][0m Non-default server args:
[38;5;112m[Appium][0m { basePath: [32m'/wd/hub'[39m, loglevel: [32m'info'[39m, port: [33m62766[39m }
[38;5;112m[Appium][0m Attempting to load driver uiautomator2...
[38;5;112m[Appium][0m Appium REST http interface listener started on http://0.0.0.0:62766/wd/hub
[38;5;112m[Appium][0m You can provide the following URLs in your client code to connect to this server:
	http://10.0.53.173:62766/wd/hub
	http://127.0.0.1:62766/wd/hub (only accessible from the same host)
[38;5;112m[Appium][0m Available drivers:
[38;5;112m[Appium][0m   - uiautomator2@7.6.1 (automationName 'UiAutomator2')
[38;5;112m[Appium][0m No plugins have been installed. Use the "appium plugin" command to install the one(s) you want to use.
[38;5;86m[HTTP][0m --> GET /wd/hub/status 
[38;5;86m[HTTP][0m <-- GET /wd/hub/status 200 3 ms - 110
[38;5;86m[HTTP][0m --> GET /wd/hub/status 
[38;5;86m[HTTP][0m <-- GET /wd/hub/status 200 1 ms - 110
[38;5;86m[HTTP][0m --> GET /wd/hub/status 
[38;5;86m[HTTP][0m <-- GET /wd/hub/status 200 1 ms - 110
[38;5;86m[HTTP][0m --> POST /wd/hub/session {"capabilities":{"firstMatch":[{"appium:autoGrantPermissions":true,"appium:automationName":"uiautomator2","appium:deviceName":"samsung SM-A528B (Android 14)","appium:newCommandTimeout":1800,"appium:platformVersion":"14","appium:systemPort":8222,"appium:udid":"RRCT302Y9ZB","platformName":"ANDROID"}]},"desiredCapabilities":{"appium:autoGrantPermissions":true,"appium:automationName":"uiautomator2","appium:deviceName":"samsung SM-A528B (Android 14)","appium:newCommandTimeout":1800,"appium:platformVersion":"14","appium:systemPort":8222,"appium:udid":"RRCT302Y9ZB","platformName":"ANDROID"}}
[38;5;123m[BaseDriver][0m The following arguments are not known and will be ignored: desiredCapabilities
[38;5;112m[Appium][0m Attempting to find matching driver for automationName 'uiautomator2' and platformName 'ANDROID'
[38;5;112m[Appium][0m The 'uiautomator2' driver was installed and matched caps.
[38;5;112m[Appium][0m Will require it at C:\Users\Avows\.appium\node_modules\appium-uiautomator2-driver
[38;5;219m[AppiumDriver@b2c8][0m Appium v3.5.2 creating new AndroidUiautomator2Driver (v7.6.1) session
[38;5;219m[AppiumDriver@b2c8][0m Checking BaseDriver versions for Appium and AndroidUiautomator2Driver
[38;5;219m[AppiumDriver@b2c8][0m Appium's BaseDriver version is 10.7.1
[38;5;219m[AppiumDriver@b2c8][0m AndroidUiautomator2Driver's BaseDriver version is 10.7.1
[38;5;139m[beb68cf3][0m[38;5;-191m[AndroidUiautomator2Driver@a834][0m Session created with session id: beb68cf3-ee76-4c40-9133-16afa9f1f537
[38;5;139m[beb68cf3][0m[38;5;229m[ADB][0m Found 3 'build-tools' folders under 'C:\Users\Avows\AppData\Local\Android\Sdk' (newest first):
[38;5;139m[beb68cf3][0m[38;5;229m[ADB][0m     C:\Users\Avows\AppData\Local\Android\Sdk\build-tools\37.0.0
[38;5;139m[beb68cf3][0m[38;5;229m[ADB][0m     C:\Users\Avows\AppData\Local\Android\Sdk\build-tools\36.1.0
[38;5;139m[beb68cf3][0m[38;5;229m[ADB][0m     C:\Users\Avows\AppData\Local\Android\Sdk\build-tools\36.0.0
[38;5;139m[beb68cf3][0m[38;5;229m[ADB][0m Using 'adb.exe' from 'C:\Users\Avows\AppData\Local\Android\Sdk\platform-tools\adb.exe'
[38;5;139m[beb68cf3][0m[38;5;-191m[AndroidUiautomator2Driver@a834][0m Retrieving device list
[38;5;139m[beb68cf3][0m[38;5;-191m[AndroidUiautomator2Driver@a834][0m Using device: RRCT302Y9ZB
[38;5;139m[beb68cf3][0m[38;5;123m[BaseDriver][0m Subscribing a8343565-6225-488b-abbc-1fac248d15a7 to topic 'uiautomator2:sessionUdidClaimed'
[38;5;139m[beb68cf3][0m[38;5;123m[BaseDriver][0m Subscribing a8343565-6225-488b-abbc-1fac248d15a7 to topic 'uiautomator2:sessionUdidContended'
[38;5;139m[beb68cf3][0m[38;5;123m[BaseDriver][0m Subscribing a8343565-6225-488b-abbc-1fac248d15a7 to topic 'uiautomator2:sessionUdidReleased'
[38;5;139m[beb68cf3][0m[38;5;123m[BaseDriver][0m Unsubscribing a8343565-6225-488b-abbc-1fac248d15a7 from topic 'uiautomator2:sessionUdidContended'
[38;5;139m[beb68cf3][0m[38;5;123m[BaseDriver][0m Unsubscribing a8343565-6225-488b-abbc-1fac248d15a7 from topic 'uiautomator2:sessionUdidReleased'
[38;5;139m[beb68cf3][0m[38;5;229m[ADB][0m Using 'adb.exe' from 'C:\Users\Avows\AppData\Local\Android\Sdk\platform-tools\adb.exe'
[38;5;139m[beb68cf3][0m[38;5;-191m[AndroidUiautomator2Driver@a834][0m Neither 'app' nor 'appPackage' was set. Starting UiAutomator2 without the target application
[38;5;139m[beb68cf3][0m[38;5;229m[ADB][0m Getting device platform version
[38;5;139m[beb68cf3][0m[38;5;-191m[AndroidUiautomator2Driver@a834][0m Relaxing hidden api policy
[38;5;139m[beb68cf3][0m[38;5;229m[ADB][0m Using 'aapt2.exe' from 'C:\Users\Avows\AppData\Local\Android\Sdk\build-tools\37.0.0\aapt2.exe'
[38;5;139m[beb68cf3][0m[38;5;-191m[AndroidUiautomator2Driver@a834][0m Server packages are not going to be (re)installed
[38;5;139m[beb68cf3][0m[38;5;229m[ADB][0m Adding packages ["io.appium.settings","io.appium.uiautomator2.server","io.appium.uiautomator2.server.test"] to Doze whitelist
[38;5;139m[beb68cf3][0m[38;5;-191m[AndroidUiautomator2Driver@a834][0m Starting UIAutomator2 server 10.2.1
[38;5;139m[beb68cf3][0m[38;5;-191m[AndroidUiautomator2Driver@a834][0m Using UIAutomator2 server from 'C:\Users\Avows\.appium\node_modules\appium-uiautomator2-driver\node_modules\appium-uiautomator2-server\apks\appium-uiautomator2-server-v10.2.1.apk' and test from 'C:\Users\Avows\.appium\node_modules\appium-uiautomator2-driver\node_modules\appium-uiautomator2-server\apks\appium-uiautomator2-server-debug-androidTest.apk'
[38;5;139m[beb68cf3][0m[38;5;-191m[AndroidUiautomator2Driver@a834][0m Waiting up to 30000ms for UiAutomator2 to be online...
[38;5;139m[beb68cf3][0m[38;5;-191m[AndroidUiautomator2Driver@a834][0m socket hang up
[38;5;139m[beb68cf3][0m[38;5;-191m[AndroidUiautomator2Driver@a834][0m Determined the downstream protocol as 'W3C'
[38;5;139m[beb68cf3][0m[38;5;-191m[AndroidUiautomator2Driver@a834][0m Screen already unlocked, doing nothing
[38;5;139m[beb68cf3][0m[38;5;123m[BaseDriver][0m Unsubscribing a8343565-6225-488b-abbc-1fac248d15a7 from topic 'uiautomator2:sessionUdidClaimed'
[38;5;139m[beb68cf3][0m[38;5;123m[BaseDriver][0m Subscribing a8343565-6225-488b-abbc-1fac248d15a7 to topic 'uiautomator2:sessionUdidClaimed'
[38;5;139m[beb68cf3][0m[38;5;219m[AppiumDriver@b2c8][0m New AndroidUiautomator2Driver session created successfully, session beb68cf3-ee76-4c40-9133-16afa9f1f537 added to master session list
[38;5;86m[HTTP][0m <-- POST /wd/hub/session 200 3225 ms - 964
[38;5;86m[HTTP][0m --> GET /status 
[38;5;86m[HTTP][0m <-- GET /status 404 4 ms - 3095
[38;5;139m[beb68cf3][0m[38;5;86m[HTTP][0m --> POST /wd/hub/session/beb68cf3-ee76-4c40-9133-16afa9f1f537/timeouts {"implicit":60000}
[38;5;86m[HTTP][0m <-- POST /wd/hub/session/beb68cf3-ee76-4c40-9133-16afa9f1f537/timeouts 200 2 ms - 14
[38;5;139m[beb68cf3][0m[38;5;86m[HTTP][0m --> POST /wd/hub/session/beb68cf3-ee76-4c40-9133-16afa9f1f537/execute/sync {"args":[],"script":"mobile: getSystemBars"}
[38;5;86m[HTTP][0m <-- POST /wd/hub/session/beb68cf3-ee76-4c40-9133-16afa9f1f537/execute/sync 200 99 ms - 151
[38;5;139m[beb68cf3][0m[38;5;86m[HTTP][0m --> POST /wd/hub/session/beb68cf3-ee76-4c40-9133-16afa9f1f537/execute/sync {"args":[{"appId":"com.seatech.bluebird.regress","bundleId":"com.seatech.bluebird.regress"}],"script":"mobile: activateApp"}
[38;5;139m[beb68cf3][0m[38;5;123m[BaseDriver][0m The following arguments are not known and will be ignored: bundleId
[38;5;86m[HTTP][0m <-- POST /wd/hub/session/beb68cf3-ee76-4c40-9133-16afa9f1f537/execute/sync 200 225 ms - 14
[38;5;139m[beb68cf3][0m[38;5;86m[HTTP][0m --> GET /wd/hub/session/beb68cf3-ee76-4c40-9133-16afa9f1f537/source 
[38;5;139m[beb68cf3][0m[38;5;-191m[AndroidUiautomator2Driver@a834][0m Driver proxy active, passing request on via HTTP proxy
[38;5;139m[beb68cf3][0m[38;5;-191m[AndroidUiautomator2Driver@a834][0m Replacing sessionId 53864725-23f4-4da6-a37d-d5feb89205ba with beb68cf3-ee76-4c40-9133-16afa9f1f537
[38;5;86m[HTTP][0m <-- GET /wd/hub/session/beb68cf3-ee76-4c40-9133-16afa9f1f537/source 200 143 ms - 23175
[38;5;139m[beb68cf3][0m[38;5;86m[HTTP][0m --> GET /wd/hub/session/beb68cf3-ee76-4c40-9133-16afa9f1f537/screenshot 
[38;5;86m[HTTP][0m <-- GET /wd/hub/session/beb68cf3-ee76-4c40-9133-16afa9f1f537/screenshot 200 422 ms - 218580
[38;5;139m[beb68cf3][0m[38;5;86m[HTTP][0m --> DELETE /wd/hub/session/beb68cf3-ee76-4c40-9133-16afa9f1f537 
[38;5;139m[beb68cf3][0m[38;5;123m[BaseDriver][0m Unsubscribing a8343565-6225-488b-abbc-1fac248d15a7 from topic 'uiautomator2:sessionUdidClaimed'
[38;5;139m[beb68cf3][0m[38;5;-191m[AndroidUiautomator2Driver@a834][0m Restoring hidden api policy to the device default configuration
[38;5;139m[beb68cf3][0m[38;5;219m[AppiumDriver@b2c8][0m Removing session beb68cf3-ee76-4c40-9133-16afa9f1f537 from our master session list
[38;5;86m[HTTP][0m <-- DELETE /wd/hub/session/beb68cf3-ee76-4c40-9133-16afa9f1f537 200 852 ms - 14
